mode: set
github.com/marcelocorreia/go-template-engine/main.go:24.13,25.23 1 0
github.com/marcelocorreia/go-template-engine/main.go:30.2,34.16 4 0
github.com/marcelocorreia/go-template-engine/main.go:38.2,38.18 1 0
github.com/marcelocorreia/go-template-engine/main.go:43.2,48.16 5 0
github.com/marcelocorreia/go-template-engine/main.go:52.2,54.12 2 0
github.com/marcelocorreia/go-template-engine/main.go:25.23,28.3 2 0
github.com/marcelocorreia/go-template-engine/main.go:34.16,36.3 1 0
github.com/marcelocorreia/go-template-engine/main.go:38.18,41.3 2 0
github.com/marcelocorreia/go-template-engine/main.go:48.16,50.3 1 0
github.com/marcelocorreia/go-template-engine/main.go:58.65,59.69 1 0
github.com/marcelocorreia/go-template-engine/main.go:59.69,61.17 2 0
github.com/marcelocorreia/go-template-engine/main.go:61.17,63.4 1 0
github.com/marcelocorreia/go-template-engine/main.go:64.3,66.17 2 0
github.com/marcelocorreia/go-template-engine/main.go:69.3,69.14 1 0
github.com/marcelocorreia/go-template-engine/main.go:66.17,68.4 1 0
github.com/marcelocorreia/go-template-engine/main.go:72.45,75.2 2 0
github.com/marcelocorreia/go-template-engine/main.go:77.25,78.31 1 0
github.com/marcelocorreia/go-template-engine/main.go:78.31,80.17 2 0
github.com/marcelocorreia/go-template-engine/main.go:80.17,82.4 1 0
github.com/marcelocorreia/go-template-engine/main.go:83.3,85.3 1 0
github.com/marcelocorreia/go-template-engine/template-engine/template-engine.go:35.69,37.16 2 1
github.com/marcelocorreia/go-template-engine/template-engine/template-engine.go:40.2,40.21 1 1
github.com/marcelocorreia/go-template-engine/template-engine/template-engine.go:37.16,39.3 1 0
github.com/marcelocorreia/go-template-engine/template-engine/template-engine.go:43.59,44.22 1 1
github.com/marcelocorreia/go-template-engine/template-engine/template-engine.go:48.2,52.21 2 1
github.com/marcelocorreia/go-template-engine/template-engine/template-engine.go:44.22,46.3 1 1
github.com/marcelocorreia/go-template-engine/template-engine/template-engine.go:55.102,58.16 2 1
github.com/marcelocorreia/go-template-engine/template-engine/template-engine.go:62.2,63.16 2 1
github.com/marcelocorreia/go-template-engine/template-engine/template-engine.go:66.2,66.15 1 1
github.com/marcelocorreia/go-template-engine/template-engine/template-engine.go:58.16,60.3 1 1
github.com/marcelocorreia/go-template-engine/template-engine/template-engine.go:63.16,65.3 1 1
github.com/marcelocorreia/go-template-engine/template-engine/template-engine.go:69.106,71.45 1 1
github.com/marcelocorreia/go-template-engine/template-engine/template-engine.go:79.2,80.16 2 1
github.com/marcelocorreia/go-template-engine/template-engine/template-engine.go:83.2,86.21 3 1
github.com/marcelocorreia/go-template-engine/template-engine/template-engine.go:89.2,91.18 2 1
github.com/marcelocorreia/go-template-engine/template-engine/template-engine.go:71.45,71.79 1 1
github.com/marcelocorreia/go-template-engine/template-engine/template-engine.go:80.16,82.3 1 1
github.com/marcelocorreia/go-template-engine/template-engine/template-engine.go:86.21,88.3 1 0
github.com/marcelocorreia/go-template-engine/template-engine/template-engine.go:94.74,98.42 3 1
github.com/marcelocorreia/go-template-engine/template-engine/template-engine.go:110.2,110.22 1 1
github.com/marcelocorreia/go-template-engine/template-engine/template-engine.go:98.42,101.17 3 1
github.com/marcelocorreia/go-template-engine/template-engine/template-engine.go:101.17,103.4 1 1
github.com/marcelocorreia/go-template-engine/template-engine/template-engine.go:104.3,104.88 1 1
github.com/marcelocorreia/go-template-engine/template-engine/template-engine.go:104.88,106.17 2 1
github.com/marcelocorreia/go-template-engine/template-engine/template-engine.go:106.17,108.4 1 1
github.com/marcelocorreia/go-template-engine/template-engine/template-engine.go:113.111,116.32 2 1
github.com/marcelocorreia/go-template-engine/template-engine/template-engine.go:125.2,125.31 1 1
github.com/marcelocorreia/go-template-engine/template-engine/template-engine.go:128.2,130.16 3 1
github.com/marcelocorreia/go-template-engine/template-engine/template-engine.go:133.2,136.32 3 1
github.com/marcelocorreia/go-template-engine/template-engine/template-engine.go:116.32,118.17 2 1
github.com/marcelocorreia/go-template-engine/template-engine/template-engine.go:121.3,122.28 2 1
github.com/marcelocorreia/go-template-engine/template-engine/template-engine.go:118.17,120.4 1 1
github.com/marcelocorreia/go-template-engine/template-engine/template-engine.go:125.31,127.3 1 1
github.com/marcelocorreia/go-template-engine/template-engine/template-engine.go:130.16,132.3 1 0
github.com/marcelocorreia/go-template-engine/template-engine/template-engine.go:139.49,141.16 2 1
github.com/marcelocorreia/go-template-engine/template-engine/template-engine.go:144.2,149.21 5 1
github.com/marcelocorreia/go-template-engine/template-engine/template-engine.go:155.2,155.28 1 1
github.com/marcelocorreia/go-template-engine/template-engine/template-engine.go:141.16,143.3 1 0
github.com/marcelocorreia/go-template-engine/template-engine/template-engine.go:149.21,151.55 2 1
github.com/marcelocorreia/go-template-engine/template-engine/template-engine.go:151.55,153.4 1 1
github.com/marcelocorreia/go-template-engine/template-engine/template-engine.go:158.129,160.16 2 1
github.com/marcelocorreia/go-template-engine/template-engine/template-engine.go:163.2,165.16 2 1
github.com/marcelocorreia/go-template-engine/template-engine/template-engine.go:168.2,168.25 1 1
github.com/marcelocorreia/go-template-engine/template-engine/template-engine.go:181.2,181.12 1 1
github.com/marcelocorreia/go-template-engine/template-engine/template-engine.go:160.16,162.3 1 1
github.com/marcelocorreia/go-template-engine/template-engine/template-engine.go:165.16,167.3 1 0
github.com/marcelocorreia/go-template-engine/template-engine/template-engine.go:168.25,172.17 4 1
github.com/marcelocorreia/go-template-engine/template-engine/template-engine.go:175.3,176.17 2 1
github.com/marcelocorreia/go-template-engine/template-engine/template-engine.go:172.17,174.4 1 1
github.com/marcelocorreia/go-template-engine/template-engine/template-engine.go:176.17,178.4 1 1
github.com/marcelocorreia/go-template-engine/template-engine/template-engine.go:184.105,188.16 4 1
github.com/marcelocorreia/go-template-engine/template-engine/template-engine.go:191.2,191.26 1 1
github.com/marcelocorreia/go-template-engine/template-engine/template-engine.go:201.2,201.14 1 1
github.com/marcelocorreia/go-template-engine/template-engine/template-engine.go:205.2,206.30 2 1
github.com/marcelocorreia/go-template-engine/template-engine/template-engine.go:210.2,210.18 1 1
github.com/marcelocorreia/go-template-engine/template-engine/template-engine.go:188.16,190.3 1 1
github.com/marcelocorreia/go-template-engine/template-engine/template-engine.go:191.26,192.49 1 1
github.com/marcelocorreia/go-template-engine/template-engine/template-engine.go:192.49,193.78 1 1
github.com/marcelocorreia/go-template-engine/template-engine/template-engine.go:193.78,195.5 1 1
github.com/marcelocorreia/go-template-engine/template-engine/template-engine.go:195.5,197.5 1 1
github.com/marcelocorreia/go-template-engine/template-engine/template-engine.go:201.14,203.3 1 1
github.com/marcelocorreia/go-template-engine/template-engine/template-engine.go:206.30,209.3 2 1
github.com/marcelocorreia/go-template-engine/template-engine/template-engine.go:213.71,215.26 2 1
github.com/marcelocorreia/go-template-engine/template-engine/template-engine.go:215.26,216.77 1 1
github.com/marcelocorreia/go-template-engine/template-engine/template-engine.go:216.77,218.4 1 1
github.com/marcelocorreia/go-template-engine/template-engine/template-engine.go:218.4,220.4 1 1
github.com/marcelocorreia/go-template-engine/template-engine/template-engine.go:224.115,226.21 1 1
github.com/marcelocorreia/go-template-engine/template-engine/template-engine.go:230.2,232.16 3 1
github.com/marcelocorreia/go-template-engine/template-engine/template-engine.go:235.2,235.26 1 1
github.com/marcelocorreia/go-template-engine/template-engine/template-engine.go:243.2,243.12 1 1
github.com/marcelocorreia/go-template-engine/template-engine/template-engine.go:226.21,228.3 1 1
github.com/marcelocorreia/go-template-engine/template-engine/template-engine.go:232.16,234.3 1 1
github.com/marcelocorreia/go-template-engine/template-engine/template-engine.go:235.26,236.49 1 1
github.com/marcelocorreia/go-template-engine/template-engine/template-engine.go:236.49,237.84 1 1
github.com/marcelocorreia/go-template-engine/template-engine/template-engine.go:237.84,239.5 1 1
github.com/marcelocorreia/go-template-engine/template-engine/template-engine.go:246.60,248.16 2 1
github.com/marcelocorreia/go-template-engine/template-engine/template-engine.go:251.2,251.12 1 1
github.com/marcelocorreia/go-template-engine/template-engine/template-engine.go:248.16,250.3 1 1
github.com/marcelocorreia/go-template-engine/utils/crypt.go:13.61,17.16 3 0
github.com/marcelocorreia/go-template-engine/utils/crypt.go:21.2,23.56 3 0
github.com/marcelocorreia/go-template-engine/utils/crypt.go:27.2,30.59 3 0
github.com/marcelocorreia/go-template-engine/utils/crypt.go:17.16,19.3 1 0
github.com/marcelocorreia/go-template-engine/utils/crypt.go:23.56,25.3 1 0
github.com/marcelocorreia/go-template-engine/utils/crypt.go:34.67,38.16 3 0
github.com/marcelocorreia/go-template-engine/utils/crypt.go:42.3,42.38 1 0
github.com/marcelocorreia/go-template-engine/utils/crypt.go:45.2,51.43 5 0
github.com/marcelocorreia/go-template-engine/utils/crypt.go:38.16,40.3 1 0
github.com/marcelocorreia/go-template-engine/utils/crypt.go:42.38,44.3 1 0
github.com/marcelocorreia/go-template-engine/utils/fileutils.go:10.55,12.16 2 0
github.com/marcelocorreia/go-template-engine/utils/fileutils.go:16.2,19.16 3 0
github.com/marcelocorreia/go-template-engine/utils/fileutils.go:23.2,26.16 3 0
github.com/marcelocorreia/go-template-engine/utils/fileutils.go:34.2,34.8 1 0
github.com/marcelocorreia/go-template-engine/utils/fileutils.go:12.16,14.3 1 0
github.com/marcelocorreia/go-template-engine/utils/fileutils.go:19.16,21.3 1 0
github.com/marcelocorreia/go-template-engine/utils/fileutils.go:26.16,28.17 2 0
github.com/marcelocorreia/go-template-engine/utils/fileutils.go:28.17,30.4 1 0
github.com/marcelocorreia/go-template-engine/utils/fileutils.go:37.42,39.16 2 0
github.com/marcelocorreia/go-template-engine/utils/fileutils.go:43.2,43.29 1 0
github.com/marcelocorreia/go-template-engine/utils/fileutils.go:49.2,49.14 1 0
github.com/marcelocorreia/go-template-engine/utils/fileutils.go:39.16,40.13 1 0
github.com/marcelocorreia/go-template-engine/utils/fileutils.go:43.29,44.19 1 0
github.com/marcelocorreia/go-template-engine/utils/fileutils.go:44.19,46.4 1 0
github.com/marcelocorreia/go-template-engine/utils/fileutils.go:52.77,54.16 2 0
github.com/marcelocorreia/go-template-engine/utils/fileutils.go:59.2,59.29 1 0
github.com/marcelocorreia/go-template-engine/utils/fileutils.go:67.2,67.14 1 0
github.com/marcelocorreia/go-template-engine/utils/fileutils.go:54.16,57.3 2 0
github.com/marcelocorreia/go-template-engine/utils/fileutils.go:59.29,60.19 1 0
github.com/marcelocorreia/go-template-engine/utils/fileutils.go:60.19,61.47 1 0
github.com/marcelocorreia/go-template-engine/utils/fileutils.go:61.47,63.5 1 0
github.com/marcelocorreia/go-template-engine/utils/fileutils.go:70.54,74.16 2 0
github.com/marcelocorreia/go-template-engine/utils/fileutils.go:80.2,81.16 2 0
github.com/marcelocorreia/go-template-engine/utils/fileutils.go:85.2,89.30 3 0
github.com/marcelocorreia/go-template-engine/utils/fileutils.go:110.2,110.8 1 0
github.com/marcelocorreia/go-template-engine/utils/fileutils.go:74.16,76.3 1 0
github.com/marcelocorreia/go-template-engine/utils/fileutils.go:81.16,83.3 1 0
github.com/marcelocorreia/go-template-engine/utils/fileutils.go:89.30,95.18 3 0
github.com/marcelocorreia/go-template-engine/utils/fileutils.go:95.18,98.18 2 0
github.com/marcelocorreia/go-template-engine/utils/fileutils.go:98.18,100.5 1 0
github.com/marcelocorreia/go-template-engine/utils/fileutils.go:101.4,104.18 2 0
github.com/marcelocorreia/go-template-engine/utils/fileutils.go:104.18,106.5 1 0
github.com/marcelocorreia/go-template-engine/utils/fileutils.go:113.40,115.16 2 0
github.com/marcelocorreia/go-template-engine/utils/fileutils.go:118.2,118.24 1 0
github.com/marcelocorreia/go-template-engine/utils/fileutils.go:121.2,121.18 1 0
github.com/marcelocorreia/go-template-engine/utils/fileutils.go:115.16,117.3 1 0
github.com/marcelocorreia/go-template-engine/utils/fileutils.go:118.24,120.3 1 0
github.com/marcelocorreia/go-template-engine/utils/fileutils.go:124.51,126.13 2 0
github.com/marcelocorreia/go-template-engine/utils/fileutils.go:129.2,129.12 1 0
github.com/marcelocorreia/go-template-engine/utils/fileutils.go:126.13,128.3 1 0
github.com/marcelocorreia/go-template-engine/utils/gzip.go:11.40,13.16 2 0
github.com/marcelocorreia/go-template-engine/utils/gzip.go:17.2,20.16 4 0
github.com/marcelocorreia/go-template-engine/utils/gzip.go:23.2,30.12 6 0
github.com/marcelocorreia/go-template-engine/utils/gzip.go:13.16,15.3 1 0
github.com/marcelocorreia/go-template-engine/utils/gzip.go:20.16,22.3 1 0
github.com/marcelocorreia/go-template-engine/utils/gzip.go:33.42,35.16 2 0
github.com/marcelocorreia/go-template-engine/utils/gzip.go:38.2,41.16 3 0
github.com/marcelocorreia/go-template-engine/utils/gzip.go:44.2,48.16 4 0
github.com/marcelocorreia/go-template-engine/utils/gzip.go:51.2,54.12 3 0
github.com/marcelocorreia/go-template-engine/utils/gzip.go:35.16,37.3 1 0
github.com/marcelocorreia/go-template-engine/utils/gzip.go:41.16,43.3 1 0
github.com/marcelocorreia/go-template-engine/utils/gzip.go:48.16,50.3 1 0
github.com/marcelocorreia/go-template-engine/utils/input.go:12.39,17.2 4 0
github.com/marcelocorreia/go-template-engine/utils/input.go:19.58,24.2 4 0
github.com/marcelocorreia/go-template-engine/utils/math.go:7.72,12.20 5 0
github.com/marcelocorreia/go-template-engine/utils/math.go:17.2,18.8 2 0
github.com/marcelocorreia/go-template-engine/utils/math.go:12.20,14.3 1 0
github.com/marcelocorreia/go-template-engine/utils/math.go:14.3,16.3 1 0
github.com/marcelocorreia/go-template-engine/utils/string-utils.go:15.49,19.59 3 0
github.com/marcelocorreia/go-template-engine/utils/string-utils.go:29.2,29.23 1 0
github.com/marcelocorreia/go-template-engine/utils/string-utils.go:19.59,20.24 1 0
github.com/marcelocorreia/go-template-engine/utils/string-utils.go:23.3,23.80 1 0
github.com/marcelocorreia/go-template-engine/utils/string-utils.go:20.24,22.4 1 0
github.com/marcelocorreia/go-template-engine/utils/string-utils.go:23.80,26.4 2 0
github.com/marcelocorreia/go-template-engine/utils/string-utils.go:33.43,36.16 3 0
github.com/marcelocorreia/go-template-engine/utils/string-utils.go:39.2,39.20 1 0
github.com/marcelocorreia/go-template-engine/utils/string-utils.go:36.16,38.3 1 0
github.com/marcelocorreia/go-template-engine/utils/string-utils.go:42.37,47.33 4 0
github.com/marcelocorreia/go-template-engine/utils/string-utils.go:54.2,54.33 1 0
github.com/marcelocorreia/go-template-engine/utils/string-utils.go:47.33,48.49 1 0
github.com/marcelocorreia/go-template-engine/utils/string-utils.go:48.49,50.4 1 0
github.com/marcelocorreia/go-template-engine/utils/string-utils.go:50.4,52.4 1 0
github.com/marcelocorreia/go-template-engine/utils/string-utils.go:57.50,58.25 1 0
github.com/marcelocorreia/go-template-engine/utils/string-utils.go:63.2,63.14 1 0
github.com/marcelocorreia/go-template-engine/utils/string-utils.go:58.25,59.13 1 0
github.com/marcelocorreia/go-template-engine/utils/string-utils.go:59.13,61.4 1 0
github.com/marcelocorreia/go-template-engine/utils/tar.go:10.39,16.16 6 0
github.com/marcelocorreia/go-template-engine/utils/tar.go:19.2,19.12 1 0
github.com/marcelocorreia/go-template-engine/utils/tar.go:16.16,18.3 1 0
github.com/marcelocorreia/go-template-engine/utils/tar.go:22.45,31.16 7 0
github.com/marcelocorreia/go-template-engine/utils/tar.go:34.2,34.12 1 0
github.com/marcelocorreia/go-template-engine/utils/tar.go:31.16,33.3 1 0
