mode: set
github.com/marcelocorreia/go-template-engine/machine_io/machine_io.go:29.61,31.16 2 0
github.com/marcelocorreia/go-template-engine/machine_io/machine_io.go:34.2,35.15 2 0
github.com/marcelocorreia/go-template-engine/machine_io/machine_io.go:31.16,33.3 1 0
github.com/marcelocorreia/go-template-engine/machine_io/machine_io.go:38.61,43.16 3 0
github.com/marcelocorreia/go-template-engine/machine_io/machine_io.go:47.2,49.16 2 0
github.com/marcelocorreia/go-template-engine/machine_io/machine_io.go:53.2,53.16 1 0
github.com/marcelocorreia/go-template-engine/machine_io/machine_io.go:43.16,45.3 1 0
github.com/marcelocorreia/go-template-engine/machine_io/machine_io.go:49.16,51.3 1 0
github.com/marcelocorreia/go-template-engine/machine_io/machine_io.go:56.61,62.16 5 0
github.com/marcelocorreia/go-template-engine/machine_io/machine_io.go:66.2,66.26 1 0
github.com/marcelocorreia/go-template-engine/machine_io/machine_io.go:62.16,64.3 1 0
github.com/marcelocorreia/go-template-engine/machine_io/machine_io.go:69.62,72.16 3 1
github.com/marcelocorreia/go-template-engine/machine_io/machine_io.go:75.2,76.16 2 1
github.com/marcelocorreia/go-template-engine/machine_io/machine_io.go:79.2,79.25 1 1
github.com/marcelocorreia/go-template-engine/machine_io/machine_io.go:72.16,74.3 1 0
github.com/marcelocorreia/go-template-engine/machine_io/machine_io.go:76.16,78.3 1 0
github.com/marcelocorreia/go-template-engine/machine_io/machine_io.go:82.62,87.16 4 1
github.com/marcelocorreia/go-template-engine/machine_io/machine_io.go:90.2,90.25 1 0
github.com/marcelocorreia/go-template-engine/machine_io/machine_io.go:87.16,89.3 1 1
github.com/marcelocorreia/go-template-engine/machine_io/machine_io.go:93.64,95.16 2 0
github.com/marcelocorreia/go-template-engine/machine_io/machine_io.go:98.2,98.25 1 0
github.com/marcelocorreia/go-template-engine/machine_io/machine_io.go:95.16,97.3 1 0
github.com/marcelocorreia/go-template-engine/machine_io/machine_io.go:101.64,103.16 2 0
github.com/marcelocorreia/go-template-engine/machine_io/machine_io.go:106.2,106.25 1 0
github.com/marcelocorreia/go-template-engine/machine_io/machine_io.go:103.16,105.3 1 0
github.com/marcelocorreia/go-template-engine/machine_io/machine_output.go:8.50,10.16 2 1
github.com/marcelocorreia/go-template-engine/machine_io/machine_output.go:13.2,13.25 1 1
github.com/marcelocorreia/go-template-engine/machine_io/machine_output.go:10.16,12.3 1 0
github.com/marcelocorreia/go-template-engine/machine_io/machine_output.go:16.50,18.16 2 1
github.com/marcelocorreia/go-template-engine/machine_io/machine_output.go:21.2,21.25 1 1
github.com/marcelocorreia/go-template-engine/machine_io/machine_output.go:18.16,20.3 1 0
