mode: set
github.com/marcelocorreia/go-template-engine/main.go:22.13,26.18 3 0
github.com/marcelocorreia/go-template-engine/main.go:31.2,36.16 5 0
github.com/marcelocorreia/go-template-engine/main.go:40.2,42.12 2 0
github.com/marcelocorreia/go-template-engine/main.go:26.18,29.3 2 0
github.com/marcelocorreia/go-template-engine/main.go:36.16,38.3 1 0
github.com/marcelocorreia/go-template-engine/main.go:46.65,47.69 1 0
github.com/marcelocorreia/go-template-engine/main.go:47.69,49.17 2 0
github.com/marcelocorreia/go-template-engine/main.go:49.17,51.4 1 0
github.com/marcelocorreia/go-template-engine/main.go:52.3,54.17 2 0
github.com/marcelocorreia/go-template-engine/main.go:57.3,57.14 1 0
github.com/marcelocorreia/go-template-engine/main.go:54.17,56.4 1 0
github.com/marcelocorreia/go-template-engine/main.go:60.45,63.2 2 0
github.com/marcelocorreia/go-template-engine/main.go:65.25,66.31 1 0
github.com/marcelocorreia/go-template-engine/main.go:66.31,68.17 2 0
github.com/marcelocorreia/go-template-engine/main.go:68.17,70.4 1 0
github.com/marcelocorreia/go-template-engine/main.go:71.3,73.3 1 0
github.com/marcelocorreia/go-template-engine/main.go:76.42,81.2 3 0
