mode: set
github.com/marcelocorreia/go-template-engine/template-engine/engine.go:17.102,20.16 2 1
github.com/marcelocorreia/go-template-engine/template-engine/engine.go:24.2,25.15 2 1
github.com/marcelocorreia/go-template-engine/template-engine/engine.go:20.16,22.3 1 1
github.com/marcelocorreia/go-template-engine/template-engine/engine.go:28.106,34.21 4 1
github.com/marcelocorreia/go-template-engine/template-engine/engine.go:37.2,39.18 2 1
github.com/marcelocorreia/go-template-engine/template-engine/engine.go:34.21,36.3 1 0
github.com/marcelocorreia/go-template-engine/template-engine/engine.go:42.74,46.42 3 0
github.com/marcelocorreia/go-template-engine/template-engine/engine.go:58.2,58.22 1 0
github.com/marcelocorreia/go-template-engine/template-engine/engine.go:46.42,49.17 3 0
github.com/marcelocorreia/go-template-engine/template-engine/engine.go:49.17,51.4 1 0
github.com/marcelocorreia/go-template-engine/template-engine/engine.go:52.3,52.88 1 0
github.com/marcelocorreia/go-template-engine/template-engine/engine.go:52.88,54.17 2 0
github.com/marcelocorreia/go-template-engine/template-engine/engine.go:54.17,56.4 1 0
github.com/marcelocorreia/go-template-engine/template-engine/engine.go:61.111,63.16 2 1
github.com/marcelocorreia/go-template-engine/template-engine/engine.go:66.2,66.32 1 1
github.com/marcelocorreia/go-template-engine/template-engine/engine.go:75.2,75.31 1 0
github.com/marcelocorreia/go-template-engine/template-engine/engine.go:78.2,80.16 3 0
github.com/marcelocorreia/go-template-engine/template-engine/engine.go:83.2,86.32 3 0
github.com/marcelocorreia/go-template-engine/template-engine/engine.go:63.16,65.3 1 0
github.com/marcelocorreia/go-template-engine/template-engine/engine.go:66.32,68.17 2 1
github.com/marcelocorreia/go-template-engine/template-engine/engine.go:71.3,72.28 2 1
github.com/marcelocorreia/go-template-engine/template-engine/engine.go:68.17,70.4 1 1
github.com/marcelocorreia/go-template-engine/template-engine/engine.go:75.31,77.3 1 0
github.com/marcelocorreia/go-template-engine/template-engine/engine.go:80.16,82.3 1 0
github.com/marcelocorreia/go-template-engine/template-engine/engine.go:89.49,91.16 2 0
github.com/marcelocorreia/go-template-engine/template-engine/engine.go:94.2,99.21 5 0
github.com/marcelocorreia/go-template-engine/template-engine/engine.go:105.2,105.28 1 0
github.com/marcelocorreia/go-template-engine/template-engine/engine.go:91.16,93.3 1 0
github.com/marcelocorreia/go-template-engine/template-engine/engine.go:99.21,101.55 2 0
github.com/marcelocorreia/go-template-engine/template-engine/engine.go:101.55,103.4 1 0
github.com/marcelocorreia/go-template-engine/template-engine/engine.go:108.129,113.16 3 0
github.com/marcelocorreia/go-template-engine/template-engine/engine.go:117.2,117.25 1 0
github.com/marcelocorreia/go-template-engine/template-engine/engine.go:130.2,130.12 1 0
github.com/marcelocorreia/go-template-engine/template-engine/engine.go:113.16,115.13 2 0
github.com/marcelocorreia/go-template-engine/template-engine/engine.go:117.25,121.17 4 0
github.com/marcelocorreia/go-template-engine/template-engine/engine.go:124.3,125.17 2 0
github.com/marcelocorreia/go-template-engine/template-engine/engine.go:121.17,123.4 1 0
github.com/marcelocorreia/go-template-engine/template-engine/engine.go:125.17,127.4 1 0
github.com/marcelocorreia/go-template-engine/template-engine/engine.go:133.105,137.26 4 1
github.com/marcelocorreia/go-template-engine/template-engine/engine.go:147.2,147.14 1 1
github.com/marcelocorreia/go-template-engine/template-engine/engine.go:151.2,152.30 2 0
github.com/marcelocorreia/go-template-engine/template-engine/engine.go:156.2,156.18 1 0
github.com/marcelocorreia/go-template-engine/template-engine/engine.go:137.26,138.49 1 1
github.com/marcelocorreia/go-template-engine/template-engine/engine.go:138.49,139.78 1 1
github.com/marcelocorreia/go-template-engine/template-engine/engine.go:139.78,141.5 1 1
github.com/marcelocorreia/go-template-engine/template-engine/engine.go:141.5,143.5 1 1
github.com/marcelocorreia/go-template-engine/template-engine/engine.go:147.14,149.3 1 1
github.com/marcelocorreia/go-template-engine/template-engine/engine.go:152.30,155.3 2 0
github.com/marcelocorreia/go-template-engine/template-engine/engine.go:159.71,161.26 2 1
github.com/marcelocorreia/go-template-engine/template-engine/engine.go:161.26,162.77 1 1
github.com/marcelocorreia/go-template-engine/template-engine/engine.go:162.77,164.4 1 1
github.com/marcelocorreia/go-template-engine/template-engine/engine.go:164.4,166.4 1 1
github.com/marcelocorreia/go-template-engine/template-engine/engine.go:170.115,171.21 1 1
github.com/marcelocorreia/go-template-engine/template-engine/engine.go:176.2,178.26 3 1
github.com/marcelocorreia/go-template-engine/template-engine/engine.go:186.2,186.12 1 1
github.com/marcelocorreia/go-template-engine/template-engine/engine.go:171.21,174.3 2 0
github.com/marcelocorreia/go-template-engine/template-engine/engine.go:178.26,179.49 1 0
github.com/marcelocorreia/go-template-engine/template-engine/engine.go:179.49,180.84 1 0
github.com/marcelocorreia/go-template-engine/template-engine/engine.go:180.84,182.5 1 0
github.com/marcelocorreia/go-template-engine/template-engine/engine.go:189.60,191.16 2 0
github.com/marcelocorreia/go-template-engine/template-engine/engine.go:194.2,194.12 1 0
github.com/marcelocorreia/go-template-engine/template-engine/engine.go:191.16,193.3 1 0
