mode: set
github.com/marcelocorreia/go-template-engine/template-engine/engine.go:18.102,21.16 2 1
github.com/marcelocorreia/go-template-engine/template-engine/engine.go:25.2,26.16 2 1
github.com/marcelocorreia/go-template-engine/template-engine/engine.go:29.2,29.15 1 1
github.com/marcelocorreia/go-template-engine/template-engine/engine.go:21.16,23.3 1 1
github.com/marcelocorreia/go-template-engine/template-engine/engine.go:26.16,28.3 1 1
github.com/marcelocorreia/go-template-engine/template-engine/engine.go:32.106,34.16 2 1
github.com/marcelocorreia/go-template-engine/template-engine/engine.go:37.2,40.21 3 1
github.com/marcelocorreia/go-template-engine/template-engine/engine.go:43.2,45.18 2 1
github.com/marcelocorreia/go-template-engine/template-engine/engine.go:34.16,36.3 1 1
github.com/marcelocorreia/go-template-engine/template-engine/engine.go:40.21,42.3 1 0
github.com/marcelocorreia/go-template-engine/template-engine/engine.go:48.74,52.42 3 1
github.com/marcelocorreia/go-template-engine/template-engine/engine.go:64.2,64.22 1 1
github.com/marcelocorreia/go-template-engine/template-engine/engine.go:52.42,55.17 3 1
github.com/marcelocorreia/go-template-engine/template-engine/engine.go:55.17,57.4 1 1
github.com/marcelocorreia/go-template-engine/template-engine/engine.go:58.3,58.88 1 1
github.com/marcelocorreia/go-template-engine/template-engine/engine.go:58.88,60.17 2 1
github.com/marcelocorreia/go-template-engine/template-engine/engine.go:60.17,62.4 1 1
github.com/marcelocorreia/go-template-engine/template-engine/engine.go:67.111,70.32 2 1
github.com/marcelocorreia/go-template-engine/template-engine/engine.go:79.2,79.31 1 1
github.com/marcelocorreia/go-template-engine/template-engine/engine.go:82.2,84.16 3 1
github.com/marcelocorreia/go-template-engine/template-engine/engine.go:87.2,90.32 3 1
github.com/marcelocorreia/go-template-engine/template-engine/engine.go:70.32,72.17 2 1
github.com/marcelocorreia/go-template-engine/template-engine/engine.go:75.3,76.28 2 1
github.com/marcelocorreia/go-template-engine/template-engine/engine.go:72.17,74.4 1 1
github.com/marcelocorreia/go-template-engine/template-engine/engine.go:79.31,81.3 1 1
github.com/marcelocorreia/go-template-engine/template-engine/engine.go:84.16,86.3 1 0
github.com/marcelocorreia/go-template-engine/template-engine/engine.go:93.49,95.16 2 1
github.com/marcelocorreia/go-template-engine/template-engine/engine.go:98.2,103.21 5 1
github.com/marcelocorreia/go-template-engine/template-engine/engine.go:109.2,109.28 1 1
github.com/marcelocorreia/go-template-engine/template-engine/engine.go:95.16,97.3 1 0
github.com/marcelocorreia/go-template-engine/template-engine/engine.go:103.21,105.55 2 1
github.com/marcelocorreia/go-template-engine/template-engine/engine.go:105.55,107.4 1 1
github.com/marcelocorreia/go-template-engine/template-engine/engine.go:112.129,114.16 2 1
github.com/marcelocorreia/go-template-engine/template-engine/engine.go:117.2,119.16 2 1
github.com/marcelocorreia/go-template-engine/template-engine/engine.go:122.2,122.25 1 1
github.com/marcelocorreia/go-template-engine/template-engine/engine.go:135.2,135.12 1 1
github.com/marcelocorreia/go-template-engine/template-engine/engine.go:114.16,116.3 1 1
github.com/marcelocorreia/go-template-engine/template-engine/engine.go:119.16,121.3 1 0
github.com/marcelocorreia/go-template-engine/template-engine/engine.go:122.25,126.17 4 1
github.com/marcelocorreia/go-template-engine/template-engine/engine.go:129.3,130.17 2 1
github.com/marcelocorreia/go-template-engine/template-engine/engine.go:126.17,128.4 1 1
github.com/marcelocorreia/go-template-engine/template-engine/engine.go:130.17,132.4 1 1
github.com/marcelocorreia/go-template-engine/template-engine/engine.go:138.105,142.16 4 1
github.com/marcelocorreia/go-template-engine/template-engine/engine.go:145.2,145.26 1 1
github.com/marcelocorreia/go-template-engine/template-engine/engine.go:155.2,155.14 1 1
github.com/marcelocorreia/go-template-engine/template-engine/engine.go:159.2,160.30 2 1
github.com/marcelocorreia/go-template-engine/template-engine/engine.go:164.2,164.18 1 1
github.com/marcelocorreia/go-template-engine/template-engine/engine.go:142.16,144.3 1 1
github.com/marcelocorreia/go-template-engine/template-engine/engine.go:145.26,146.49 1 1
github.com/marcelocorreia/go-template-engine/template-engine/engine.go:146.49,147.78 1 1
github.com/marcelocorreia/go-template-engine/template-engine/engine.go:147.78,149.5 1 1
github.com/marcelocorreia/go-template-engine/template-engine/engine.go:149.5,151.5 1 1
github.com/marcelocorreia/go-template-engine/template-engine/engine.go:155.14,157.3 1 1
github.com/marcelocorreia/go-template-engine/template-engine/engine.go:160.30,163.3 2 1
github.com/marcelocorreia/go-template-engine/template-engine/engine.go:167.71,169.26 2 1
github.com/marcelocorreia/go-template-engine/template-engine/engine.go:169.26,170.77 1 1
github.com/marcelocorreia/go-template-engine/template-engine/engine.go:170.77,172.4 1 1
github.com/marcelocorreia/go-template-engine/template-engine/engine.go:172.4,174.4 1 1
github.com/marcelocorreia/go-template-engine/template-engine/engine.go:178.115,180.21 1 1
github.com/marcelocorreia/go-template-engine/template-engine/engine.go:184.2,186.16 3 1
github.com/marcelocorreia/go-template-engine/template-engine/engine.go:189.2,189.26 1 1
github.com/marcelocorreia/go-template-engine/template-engine/engine.go:197.2,197.12 1 1
github.com/marcelocorreia/go-template-engine/template-engine/engine.go:180.21,182.3 1 1
github.com/marcelocorreia/go-template-engine/template-engine/engine.go:186.16,188.3 1 1
github.com/marcelocorreia/go-template-engine/template-engine/engine.go:189.26,190.49 1 1
github.com/marcelocorreia/go-template-engine/template-engine/engine.go:190.49,191.84 1 1
github.com/marcelocorreia/go-template-engine/template-engine/engine.go:191.84,193.5 1 1
github.com/marcelocorreia/go-template-engine/template-engine/engine.go:200.60,202.16 2 1
github.com/marcelocorreia/go-template-engine/template-engine/engine.go:205.2,205.12 1 1
github.com/marcelocorreia/go-template-engine/template-engine/engine.go:202.16,204.3 1 1
