mode: set
github.com/marcelocorreia/go-template-engine/utils/math.go:7.72,12.20 5 0
github.com/marcelocorreia/go-template-engine/utils/math.go:17.2,18.8 2 0
github.com/marcelocorreia/go-template-engine/utils/math.go:12.20,14.3 1 0
github.com/marcelocorreia/go-template-engine/utils/math.go:14.3,16.3 1 0
github.com/marcelocorreia/go-template-engine/utils/string-utils.go:15.49,19.59 3 0
github.com/marcelocorreia/go-template-engine/utils/string-utils.go:29.2,29.23 1 0
github.com/marcelocorreia/go-template-engine/utils/string-utils.go:19.59,20.24 1 0
github.com/marcelocorreia/go-template-engine/utils/string-utils.go:23.3,23.80 1 0
github.com/marcelocorreia/go-template-engine/utils/string-utils.go:20.24,22.4 1 0
github.com/marcelocorreia/go-template-engine/utils/string-utils.go:23.80,26.4 2 0
github.com/marcelocorreia/go-template-engine/utils/string-utils.go:33.43,36.16 3 0
github.com/marcelocorreia/go-template-engine/utils/string-utils.go:39.2,39.20 1 0
github.com/marcelocorreia/go-template-engine/utils/string-utils.go:36.16,38.3 1 0
github.com/marcelocorreia/go-template-engine/utils/string-utils.go:42.37,47.33 4 0
github.com/marcelocorreia/go-template-engine/utils/string-utils.go:54.2,54.33 1 0
github.com/marcelocorreia/go-template-engine/utils/string-utils.go:47.33,48.49 1 0
github.com/marcelocorreia/go-template-engine/utils/string-utils.go:48.49,50.4 1 0
github.com/marcelocorreia/go-template-engine/utils/string-utils.go:50.4,52.4 1 0
github.com/marcelocorreia/go-template-engine/utils/string-utils.go:57.50,58.25 1 0
github.com/marcelocorreia/go-template-engine/utils/string-utils.go:63.2,63.14 1 0
github.com/marcelocorreia/go-template-engine/utils/string-utils.go:58.25,59.13 1 0
github.com/marcelocorreia/go-template-engine/utils/string-utils.go:59.13,61.4 1 0
github.com/marcelocorreia/go-template-engine/utils/tar.go:10.39,16.16 6 0
github.com/marcelocorreia/go-template-engine/utils/tar.go:19.2,19.12 1 0
github.com/marcelocorreia/go-template-engine/utils/tar.go:16.16,18.3 1 0
github.com/marcelocorreia/go-template-engine/utils/tar.go:22.45,31.16 7 0
github.com/marcelocorreia/go-template-engine/utils/tar.go:34.2,34.12 1 0
github.com/marcelocorreia/go-template-engine/utils/tar.go:31.16,33.3 1 0
github.com/marcelocorreia/go-template-engine/utils/crypt.go:13.61,17.16 3 0
github.com/marcelocorreia/go-template-engine/utils/crypt.go:21.2,23.56 3 0
github.com/marcelocorreia/go-template-engine/utils/crypt.go:27.2,30.59 3 0
github.com/marcelocorreia/go-template-engine/utils/crypt.go:17.16,19.3 1 0
github.com/marcelocorreia/go-template-engine/utils/crypt.go:23.56,25.3 1 0
github.com/marcelocorreia/go-template-engine/utils/crypt.go:34.67,38.16 3 0
github.com/marcelocorreia/go-template-engine/utils/crypt.go:42.3,42.38 1 0
github.com/marcelocorreia/go-template-engine/utils/crypt.go:45.2,51.43 5 0
github.com/marcelocorreia/go-template-engine/utils/crypt.go:38.16,40.3 1 0
github.com/marcelocorreia/go-template-engine/utils/crypt.go:42.38,44.3 1 0
github.com/marcelocorreia/go-template-engine/utils/fileutils.go:10.55,12.16 2 0
github.com/marcelocorreia/go-template-engine/utils/fileutils.go:16.2,19.16 3 0
github.com/marcelocorreia/go-template-engine/utils/fileutils.go:23.2,26.16 3 0
github.com/marcelocorreia/go-template-engine/utils/fileutils.go:34.2,34.8 1 0
github.com/marcelocorreia/go-template-engine/utils/fileutils.go:12.16,14.3 1 0
github.com/marcelocorreia/go-template-engine/utils/fileutils.go:19.16,21.3 1 0
github.com/marcelocorreia/go-template-engine/utils/fileutils.go:26.16,28.17 2 0
github.com/marcelocorreia/go-template-engine/utils/fileutils.go:28.17,30.4 1 0
github.com/marcelocorreia/go-template-engine/utils/fileutils.go:37.42,39.16 2 0
github.com/marcelocorreia/go-template-engine/utils/fileutils.go:43.2,43.29 1 0
github.com/marcelocorreia/go-template-engine/utils/fileutils.go:49.2,49.14 1 0
github.com/marcelocorreia/go-template-engine/utils/fileutils.go:39.16,40.13 1 0
github.com/marcelocorreia/go-template-engine/utils/fileutils.go:43.29,44.19 1 0
github.com/marcelocorreia/go-template-engine/utils/fileutils.go:44.19,46.4 1 0
github.com/marcelocorreia/go-template-engine/utils/fileutils.go:52.77,54.16 2 0
github.com/marcelocorreia/go-template-engine/utils/fileutils.go:59.2,59.29 1 0
github.com/marcelocorreia/go-template-engine/utils/fileutils.go:67.2,67.14 1 0
github.com/marcelocorreia/go-template-engine/utils/fileutils.go:54.16,57.3 2 0
github.com/marcelocorreia/go-template-engine/utils/fileutils.go:59.29,60.19 1 0
github.com/marcelocorreia/go-template-engine/utils/fileutils.go:60.19,61.47 1 0
github.com/marcelocorreia/go-template-engine/utils/fileutils.go:61.47,63.5 1 0
github.com/marcelocorreia/go-template-engine/utils/fileutils.go:70.54,74.16 2 0
github.com/marcelocorreia/go-template-engine/utils/fileutils.go:80.2,81.16 2 0
github.com/marcelocorreia/go-template-engine/utils/fileutils.go:85.2,89.30 3 0
github.com/marcelocorreia/go-template-engine/utils/fileutils.go:110.2,110.8 1 0
github.com/marcelocorreia/go-template-engine/utils/fileutils.go:74.16,76.3 1 0
github.com/marcelocorreia/go-template-engine/utils/fileutils.go:81.16,83.3 1 0
github.com/marcelocorreia/go-template-engine/utils/fileutils.go:89.30,95.18 3 0
github.com/marcelocorreia/go-template-engine/utils/fileutils.go:95.18,98.18 2 0
github.com/marcelocorreia/go-template-engine/utils/fileutils.go:98.18,100.5 1 0
github.com/marcelocorreia/go-template-engine/utils/fileutils.go:101.4,104.18 2 0
github.com/marcelocorreia/go-template-engine/utils/fileutils.go:104.18,106.5 1 0
github.com/marcelocorreia/go-template-engine/utils/fileutils.go:113.40,115.16 2 0
github.com/marcelocorreia/go-template-engine/utils/fileutils.go:118.2,118.24 1 0
github.com/marcelocorreia/go-template-engine/utils/fileutils.go:121.2,121.18 1 0
github.com/marcelocorreia/go-template-engine/utils/fileutils.go:115.16,117.3 1 0
github.com/marcelocorreia/go-template-engine/utils/fileutils.go:118.24,120.3 1 0
github.com/marcelocorreia/go-template-engine/utils/fileutils.go:124.46,126.13 2 0
github.com/marcelocorreia/go-template-engine/utils/fileutils.go:129.2,129.12 1 0
github.com/marcelocorreia/go-template-engine/utils/fileutils.go:126.13,128.3 1 0
github.com/marcelocorreia/go-template-engine/utils/gzip.go:11.40,13.16 2 0
github.com/marcelocorreia/go-template-engine/utils/gzip.go:17.2,20.16 4 0
github.com/marcelocorreia/go-template-engine/utils/gzip.go:23.2,30.12 6 0
github.com/marcelocorreia/go-template-engine/utils/gzip.go:13.16,15.3 1 0
github.com/marcelocorreia/go-template-engine/utils/gzip.go:20.16,22.3 1 0
github.com/marcelocorreia/go-template-engine/utils/gzip.go:33.42,35.16 2 0
github.com/marcelocorreia/go-template-engine/utils/gzip.go:38.2,41.16 3 0
github.com/marcelocorreia/go-template-engine/utils/gzip.go:44.2,48.16 4 0
github.com/marcelocorreia/go-template-engine/utils/gzip.go:51.2,54.12 3 0
github.com/marcelocorreia/go-template-engine/utils/gzip.go:35.16,37.3 1 0
github.com/marcelocorreia/go-template-engine/utils/gzip.go:41.16,43.3 1 0
github.com/marcelocorreia/go-template-engine/utils/gzip.go:48.16,50.3 1 0
github.com/marcelocorreia/go-template-engine/utils/input.go:12.39,17.2 4 0
github.com/marcelocorreia/go-template-engine/utils/input.go:19.58,24.2 4 0
